<?xml version="1.0" encoding="UTF-8"?>
<!-- Generated by org.testng.reporters.JUnitReportReporter -->
<testsuite hostname="DESKTOP-KRUEQA3" failures="0" tests="3" name="com.TestNG.BasicNG" time="35.943" errors="0" timestamp="2022-03-31T15:03:50 IST" skipped="0">
  <testcase classname="com.TestNG.BasicNG" name="f2" time="18.675"/>
  <system-out/>
  <testcase classname="com.TestNG.BasicNG" name="f" time="5.360"/>
  <system-out/>
  <testcase classname="com.TestNG.BasicNG" name="f1" time="11.908"/>
  <system-out/>
</testsuite> <!-- com.TestNG.BasicNG -->
